<?xml version="1.0" encoding="UTF-8"?>
<!-- Generated by org.testng.reporters.JUnitReportReporter -->
<testsuite hostname="DESKTOP-J1J1V9M" failures="0" tests="1" name="TESTNGBasic.A_Normal_Test_Class" time="2.410" errors="1" timestamp="2022-11-19T20:17:41 GMT-05:00" skipped="0">
  <testcase classname="TESTNGBasic.A_Normal_Test_Class" name="TC1" time="2.410">
    <error type="java.lang.ExceptionInInitializerError">
      <![CDATA[java.lang.ExceptionInInitializerError
at org.openqa.selenium.remote.http.netty.NettyClient$Factory.createClient(NettyClient.java:134)
at org.openqa.selenium.remote.HttpCommandExecutor.<init>(HttpCommandExecutor.java:107)
at org.openqa.selenium.remote.HttpCommandExecutor.<init>(HttpCommandExecutor.java:94)
at org.openqa.selenium.remote.HttpCommandExecutor.<init>(HttpCommandExecutor.java:85)
at org.openqa.selenium.remote.service.DriverCommandExecutor.<init>(DriverCommandExecutor.java:80)
at org.openqa.selenium.chromium.ChromiumDriverCommandExecutor.<init>(ChromiumDriverCommandExecutor.java:35)
at org.openqa.selenium.chrome.ChromeDriver$ChromeDriverCommandExecutor.<init>(ChromeDriver.java:93)
at org.openqa.selenium.chrome.ChromeDriver.<init>(ChromeDriver.java:81)
at org.openqa.selenium.chrome.ChromeDriver.<init>(ChromeDriver.java:49)
at TESTNGBasic.A_Normal_Test_Class.TC1(A_Normal_Test_Class.java:14)
at java.base/jdk.internal.reflect.DirectMethodHandleAccessor.invoke(DirectMethodHandleAccessor.java:104)
at java.base/java.lang.reflect.Method.invoke(Method.java:577)
at org.testng.internal.MethodInvocationHelper.invokeMethod(MethodInvocationHelper.java:133)
at org.testng.internal.TestInvoker.invokeMethod(TestInvoker.java:598)
at org.testng.internal.TestInvoker.invokeTestMethod(TestInvoker.java:173)
at org.testng.internal.MethodRunner.runInSequence(MethodRunner.java:46)
at org.testng.internal.TestInvoker$MethodInvocationAgent.invoke(TestInvoker.java:824)
at org.testng.internal.TestInvoker.invokeTestMethods(TestInvoker.java:146)
at org.testng.internal.TestMethodWorker.invokeTestMethods(TestMethodWorker.java:146)
at org.testng.internal.TestMethodWorker.run(TestMethodWorker.java:128)
at java.base/java.util.ArrayList.forEach(ArrayList.java:1511)
at org.testng.TestRunner.privateRun(TestRunner.java:794)
at org.testng.TestRunner.run(TestRunner.java:596)
at org.testng.SuiteRunner.runTest(SuiteRunner.java:377)
at org.testng.SuiteRunner.runSequentially(SuiteRunner.java:371)
at org.testng.SuiteRunner.privateRun(SuiteRunner.java:332)
at org.testng.SuiteRunner.run(SuiteRunner.java:276)
at org.testng.SuiteRunnerWorker.runSuite(SuiteRunnerWorker.java:53)
at org.testng.SuiteRunnerWorker.run(SuiteRunnerWorker.java:96)
at org.testng.TestNG.runSuitesSequentially(TestNG.java:1212)
at org.testng.TestNG.runSuitesLocally(TestNG.java:1134)
at org.testng.TestNG.runSuites(TestNG.java:1063)
at org.testng.TestNG.run(TestNG.java:1031)
at org.testng.remote.AbstractRemoteTestNG.run(AbstractRemoteTestNG.java:115)
at org.testng.remote.RemoteTestNG.initAndRun(RemoteTestNG.java:251)
at org.testng.remote.RemoteTestNG.main(RemoteTestNG.java:77)
Caused by: java.lang.IllegalStateException: failed to create a child event loop
at io.netty.util.concurrent.MultithreadEventExecutorGroup.<init>(MultithreadEventExecutorGroup.java:88)
at io.netty.util.concurrent.MultithreadEventExecutorGroup.<init>(MultithreadEventExecutorGroup.java:60)
at io.netty.util.concurrent.MultithreadEventExecutorGroup.<init>(MultithreadEventExecutorGroup.java:49)
at io.netty.channel.MultithreadEventLoopGroup.<init>(MultithreadEventLoopGroup.java:59)
at io.netty.channel.nio.NioEventLoopGroup.<init>(NioEventLoopGroup.java:87)
at io.netty.channel.nio.NioEventLoopGroup.<init>(NioEventLoopGroup.java:82)
at io.netty.channel.nio.NioEventLoopGroup.<init>(NioEventLoopGroup.java:69)
at org.asynchttpclient.netty.channel.NioTransportFactory.newEventLoopGroup(NioTransportFactory.java:32)
at org.asynchttpclient.netty.channel.NioTransportFactory.newEventLoopGroup(NioTransportFactory.java:21)
at org.asynchttpclient.netty.channel.ChannelManager.<init>(ChannelManager.java:133)
at org.asynchttpclient.DefaultAsyncHttpClient.<init>(DefaultAsyncHttpClient.java:92)
at org.asynchttpclient.Dsl.asyncHttpClient(Dsl.java:32)
at org.openqa.selenium.remote.http.netty.NettyClient.createHttpClient(NettyClient.java:93)
at org.openqa.selenium.remote.http.netty.NettyClient.<clinit>(NettyClient.java:47)
... 36 more
Caused by: io.netty.channel.ChannelException: failed to open a new selector
at io.netty.channel.nio.NioEventLoop.openSelector(NioEventLoop.java:178)
at io.netty.channel.nio.NioEventLoop.<init>(NioEventLoop.java:145)
at io.netty.channel.nio.NioEventLoopGroup.newChild(NioEventLoopGroup.java:183)
at io.netty.channel.nio.NioEventLoopGroup.newChild(NioEventLoopGroup.java:38)
at io.netty.util.concurrent.MultithreadEventExecutorGroup.<init>(MultithreadEventExecutorGroup.java:84)
... 49 more
Caused by: java.io.IOException: Unable to establish loopback connection
at java.base/sun.nio.ch.PipeImpl$Initializer.run(PipeImpl.java:99)
at java.base/sun.nio.ch.PipeImpl$Initializer.run(PipeImpl.java:65)
at java.base/java.security.AccessController.doPrivileged(AccessController.java:569)
at java.base/sun.nio.ch.PipeImpl.<init>(PipeImpl.java:188)
at java.base/sun.nio.ch.WEPollSelectorImpl.<init>(WEPollSelectorImpl.java:78)
at java.base/sun.nio.ch.WEPollSelectorProvider.openSelector(WEPollSelectorProvider.java:33)
at io.netty.channel.nio.NioEventLoop.openSelector(NioEventLoop.java:176)
... 53 more
Caused by: java.net.ConnectException: Connection timed out: connect
at java.base/sun.nio.ch.Net.connect0(Native Method)
at java.base/sun.nio.ch.Net.connect(Net.java:579)
at java.base/sun.nio.ch.Net.connect(Net.java:586)
at java.base/sun.nio.ch.SocketChannelImpl.connect(SocketChannelImpl.java:853)
at java.base/java.nio.channels.SocketChannel.open(SocketChannel.java:285)
at java.base/sun.nio.ch.PipeImpl$Initializer$LoopbackConnector.run(PipeImpl.java:129)
at java.base/sun.nio.ch.PipeImpl$Initializer.run(PipeImpl.java:81)
... 59 more
]]>
    </error>
  </testcase> <!-- TC1 -->
  <system-out/>
</testsuite> <!-- TESTNGBasic.A_Normal_Test_Class -->
